Server is running
Batch contains:
Q 4 1
Q 4 1
Q 0 1
Q 4 3
A 1 2
A 0 2
Q 0 2
D 3 3
A 3 1
A 2 4
F
Batch generated successfully
Results calculated successfully, Start printing it:
-1
-1
-1
-1
1
Server is running
Batch contains:
Q 4 1
D 1 0
D 4 4
D 1 2
D 4 1
Q 4 3
A 3 1
D 0 0
D 0 2
Q 1 1
F
Batch generated successfully
Server is running
Batch contains:
A 0 4
Q 2 2
A 2 2
D 2 1
D 1 2
Q 1 4
A 4 2
A 1 2
Q 3 0
Q 4 1
F
Batch generated successfully
Server is running
Batch contains:
Q 11 0
A 11 3
Q 11 10
Q 3 6
D 11 5
F
Batch generated successfully
Results calculated successfully, Start printing it:
3
3
2
Server is running
Batch contains:
Q 11 0
A 11 3
Q 11 10
Q 3 6
D 11 5
F
Batch generated successfully
Results calculated successfully, Start printing it:
2
3
2
