Server is running
Batch contains:
Q 9 9
Q 5 1
A 1 1
Q 10 10
A 2 10
Q 9 4
Q 4 1
D 5 3
D 8 9
D 3 7
F
Results calculated successfully
Time of execution = 5279
Start printing Result:
0
2
0
2
1
End Batch
Server is running
Batch contains:
Q 7 6
A 5 3
D 3 3
D 6 7
Q 3 4
Q 2 6
Q 3 1
D 6 6
Q 4 8
A 6 10
F
Results calculated successfully
Time of execution = 4601
Start printing Result:
-1
1
-1
-1
-1
End Batch
Server is running
Batch contains:
D 4 4
Q 5 4
Q 5 7
Q 8 8
Q 6 6
A 5 6
Q 4 9
D 3 9
Q 7 6
D 9 5
F
Results calculated successfully
Time of execution = 4544
Start printing Result:
-1
-1
0
0
-1
-1
End Batch
Server is running
Batch contains:
D 10 8
D 5 7
A 5 4
D 7 1
A 4 6
Q 2 4
Q 4 8
Q 6 8
Q 6 10
A 8 9
F
Results calculated successfully
Time of execution = 4174
Start printing Result:
-1
-1
-1
-1
End Batch
Server is running
Batch contains:
D 2 5
Q 5 6
Q 10 9
Q 7 10
D 9 7
Q 6 3
Q 1 2
Q 1 8
Q 2 1
Q 10 4
F
Results calculated successfully
Time of execution = 6256
Start printing Result:
1
-1
-1
2
-1
-1
-1
-1
End Batch
Batch contains:
Q 8 10
Q 2 1
Q 8 7
Q 4 2
D 8 8
Q 10 1
Q 4 6
Q 7 7
Q 9 5
Q 7 7
F
Results calculated successfully
Time of execution = 5497
Start printing Result:
2
-1
-1
1
-1
1
0
6
0
End Batch
Batch contains:
D 3 5
Q 5 10
D 5 7
Q 6 1
A 8 2
D 5 8
Q 8 3
D 7 10
Q 4 2
Q 9 9
F
Results calculated successfully
Time of execution = 5636
Start printing Result:
2
-1
1
1
0
End Batch
Batch contains:
D 8 1
A 7 1
A 1 6
D 9 8
Q 7 1
Q 7 6
A 2 9
Q 8 9
Q 6 9
A 4 7
F
Results calculated successfully
Time of execution = 5665
Start printing Result:
1
2
1
2
End Batch
Batch contains:
Q 8 5
Q 7 6
Q 9 4
D 7 2
Q 4 10
A 2 8
Q 8 6
D 9 1
D 7 2
A 6 10
F
Results calculated successfully
Time of execution = 3138
Start printing Result:
2
2
4
3
2
End Batch
Batch contains:
D 6 3
Q 3 9
A 1 5
Q 8 1
Q 5 9
Q 6 9
Q 3 9
Q 4 6
Q 2 9
Q 9 2
F
Results calculated successfully
Time of execution = 5392
Start printing Result:
3
4
1
2
3
1
1
3
End Batch
Batch contains:
Q 1 7
Q 7 2
Q 8 10
Q 8 9
Q 1 5
Q 8 5
A 6 8
Q 4 3
Q 5 1
A 9 1
F
Results calculated successfully
Time of execution = 2510
Start printing Result:
2
3
2
1
1
2
3
3
End Batch
Batch contains:
Q 3 2
Q 5 1
A 3 6
A 1 3
A 6 8
D 3 6
D 5 9
Q 1 8
Q 1 4
Q 10 10
F
Results calculated successfully
Time of execution = 4976
Start printing Result:
2
2
2
1
0
End Batch
Batch contains:
Q 9 8
D 9 8
D 2 8
A 10 8
Q 6 5
A 8 10
Q 2 3
Q 2 3
D 10 9
Q 5 1
F
Results calculated successfully
Time of execution = 6113
Start printing Result:
2
3
3
3
3
End Batch
Batch contains:
Q 2 5
Q 8 8
D 1 1
Q 6 1
Q 1 4
Q 8 3
A 10 6
Q 6 7
Q 6 4
Q 1 3
F
Results calculated successfully
Time of execution = 4620
Start printing Result:
1
0
3
1
1
4
3
1
End Batch
Server is running
Batch contains:
A 9 10
A 4 10
Q 2 2
A 8 4
A 3 7
A 10 10
D 6 9
Q 7 8
A 4 10
A 6 4
F
Results calculated successfully
Time of execution = 3866
Start printing Result:
0
3
End Batch
Batch contains:
Q 1 3
D 4 10
Q 6 10
A 6 5
D 7 1
Q 6 8
Q 2 10
A 4 9
D 4 1
A 6 8
F
Results calculated successfully
Time of execution = 5999
Start printing Result:
1
1
1
2
End Batch
Batch contains:
Q 6 6
Q 9 1
A 10 10
A 10 10
Q 7 6
A 1 6
A 3 8
A 5 3
Q 1 1
A 3 2
F
Results calculated successfully
Time of execution = 4312
Start printing Result:
0
1
2
0
End Batch
Batch contains:
D 3 8
Q 5 8
A 5 1
Q 9 1
D 9 3
Q 1 1
A 6 6
Q 3 5
Q 2 9
D 4 5
F
Results calculated successfully
Time of execution = 3919
Start printing Result:
2
1
0
2
1
End Batch
Batch contains:
Q 10 8
A 8 2
A 2 2
Q 4 9
Q 3 7
Q 5 8
A 2 6
D 6 6
D 5 9
Q 1 3
F
Results calculated successfully
Time of execution = 5994
Start printing Result:
1
1
1
2
1
End Batch
Batch contains:
Q 3 2
D 3 9
D 7 6
A 3 2
A 7 3
Q 10 2
D 2 2
D 8 4
Q 3 6
Q 2 8
F
Results calculated successfully
Time of execution = 5059
Start printing Result:
1
2
2
2
End Batch
Batch contains:
Q 2 10
Q 1 10
Q 10 2
Q 4 1
D 8 5
A 4 1
D 2 8
Q 6 1
D 4 4
A 7 3
F
Results calculated successfully
Time of execution = 3488
Start printing Result:
2
2
2
2
2
End Batch
Batch contains:
D 10 7
Q 8 1
D 7 7
Q 6 4
A 1 2
Q 10 8
D 6 10
Q 8 7
Q 4 10
Q 3 7
F
Results calculated successfully
Time of execution = 4684
Start printing Result:
2
1
1
2
1
1
End Batch
Batch contains:
A 4 2
D 8 10
A 9 7
A 6 4
Q 10 8
A 1 4
Q 5 8
A 6 1
D 2 3
D 6 9
F
Results calculated successfully
Time of execution = 5556
Start printing Result:
1
2
End Batch
Batch contains:
Q 3 3
A 8 2
D 7 5
D 7 10
Q 8 1
Q 3 6
Q 10 7
A 7 5
Q 4 1
Q 2 9
F
Results calculated successfully
Time of execution = 7349
Start printing Result:
0
2
2
3
1
1
End Batch
Server is running
Batch contains:
Q 1 3
A 4 5
Q 1 5
Q 5 1
F
Results calculated successfully
Time of execution = 2337
Start printing Result:
-1
-1
-1
End Batch
Server is running
Batch contains:
Q 1 3
A 4 5
Q 1 5
Q 5 1
D 11 3
F
Results calculated successfully
Time of execution = 3270
Start printing Result:
-1
-1
-1
End Batch
Server is running
Batch contains:
Q 1 3
A 4 5
Q 1 5
Q 5 1
Q 11 3
F
Results calculated successfully
Time of execution = 2898
Start printing Result:
-1
-1
-1
2
End Batch
Server is running
Batch contains:
Q 1 3
A 4 5
Q 1 5
Q 5 1
Q 11 3
F
Results calculated successfully
Time of execution = 2901
Start printing Result:
-1
-1
-1
2
End Batch
Server is running
Batch contains:
Q 1 3
A 4 5
Q 1 5
Q 5 1
Q 11 3
F
Results calculated successfully
Time of execution = 1733
Start printing Result:
-1
-1
-1
2
End Batch
Server is running
Batch contains:
Q 1 1
Q 1 5
Q 8 1
Q 1 6
Q 6 1
D 6 3
Q 5 8
Q 5 5
D 1 5
Q 5 7
F
Results calculated successfully
Time of execution = 4296
Start printing Result:
0
3
2
3
1
2
0
1
End Batch
Batch contains:
A 10 4
Q 1 8
Q 8 4
Q 8 5
D 3 7
Q 10 9
A 10 5
A 2 5
Q 9 6
Q 9 2
Q 10 2
A 1 10
A 10 2
Q 2 8
Q 9 5
Q 10 4
Q 3 5
D 3 9
A 9 9
Q 8 4
F
Results calculated successfully
Time of execution = 9817
Start printing Result:
-1
1
2
-1
3
1
-1
3
2
1
2
1
End Batch
Batch contains:
A 10 3
A 3 3
D 7 6
A 1 3
Q 4 9
Q 6 2
Q 3 2
Q 7 4
Q 2 1
D 2 2
Q 4 5
Q 8 8
Q 4 2
Q 1 6
A 2 2
A 4 10
Q 10 1
A 9 2
Q 4 9
A 3 7
Q 5 9
Q 6 1
Q 5 8
A 6 2
A 3 5
Q 2 3
Q 6 8
Q 2 8
A 3 1
Q 2 3
F
Results calculated successfully
Time of execution = 15293
Start printing Result:
-1
3
2
2
2
1
0
3
2
1
2
5
1
2
1
1
3
1
End Batch
Batch contains:
D 9 5
Q 4 7
Q 9 5
Q 8 3
A 10 6
Q 9 6
Q 4 8
Q 3 6
Q 4 5
Q 1 2
D 6 10
Q 5 3
D 1 2
Q 8 3
Q 7 7
Q 1 6
Q 4 10
D 6 2
Q 3 7
D 6 8
Q 3 7
Q 8 6
Q 8 3
Q 1 8
D 5 5
Q 7 2
Q 2 10
D 7 5
D 4 10
D 9 9
Q 4 2
Q 1 4
Q 8 1
D 2 7
Q 9 3
Q 7 8
Q 6 10
Q 7 4
A 10 5
D 1 1
F
Results calculated successfully
Time of execution = 18942
Start printing Result:
2
2
3
3
3
1
1
2
5
3
0
1
1
1
1
3
3
3
2
2
4
2
2
2
1
3
2
End Batch
Batch contains:
A 9 1
Q 7 4
Q 2 6
Q 2 5
Q 9 2
D 3 8
A 4 7
Q 9 6
D 9 1
A 10 3
Q 5 6
Q 10 7
A 5 10
Q 10 5
Q 3 1
Q 5 8
Q 3 10
D 5 7
Q 9 3
A 2 1
A 10 1
A 8 4
Q 5 1
A 4 9
Q 9 9
Q 9 6
Q 10 9
Q 7 2
D 4 4
A 7 2
D 2 8
Q 5 4
Q 5 8
Q 2 6
Q 7 5
Q 3 8
Q 2 4
Q 1 8
Q 8 9
Q 10 8
Q 10 10
A 2 6
A 8 9
Q 7 8
Q 7 4
A 2 10
A 10 7
Q 1 1
A 10 4
Q 1 3
F
Results calculated successfully
Time of execution = 26216
Start printing Result:
2
2
1
1
2
5
2
1
1
2
1
2
2
0
3
1
2
2
4
2
2
2
1
3
2
3
0
1
2
0
1
End Batch
Batch contains:
A 8 1
D 8 6
Q 6 5
A 7 2
Q 4 3
D 9 10
Q 2 3
Q 9 4
Q 1 6
D 5 6
Q 8 1
A 7 6
Q 4 8
Q 1 7
D 6 10
Q 1 10
Q 5 6
Q 9 4
A 7 4
Q 10 10
D 5 7
D 10 1
A 2 1
A 2 7
A 2 2
Q 6 7
Q 4 1
Q 6 9
D 8 5
Q 5 2
Q 5 1
A 3 6
Q 8 4
Q 6 4
Q 8 10
D 7 7
Q 1 6
Q 5 6
Q 10 7
A 1 8
Q 1 6
Q 5 3
A 9 6
D 2 9
A 2 8
Q 10 2
Q 8 9
Q 10 10
Q 2 9
A 4 10
Q 1 1
Q 8 2
Q 7 4
A 7 5
A 5 10
Q 2 7
Q 2 10
D 10 8
A 1 6
Q 7 6
F
Results calculated successfully
Time of execution = 25804
Start printing Result:
1
2
1
2
1
1
2
2
2
2
2
0
1
1
1
2
2
1
1
3
1
2
1
1
2
1
1
0
2
0
2
1
1
1
1
End Batch
Batch contains:
D 10 5
D 5 1
Q 4 9
Q 9 6
D 1 9
D 4 4
Q 6 7
A 7 10
Q 7 5
Q 9 7
D 10 2
D 9 2
D 1 3
Q 5 3
A 10 5
Q 5 1
D 10 4
A 3 4
A 10 5
A 10 7
Q 5 2
D 9 4
Q 9 3
Q 8 3
Q 1 3
Q 4 9
Q 1 2
Q 2 1
D 4 3
Q 5 3
Q 1 6
A 8 2
D 10 10
Q 7 9
Q 8 10
Q 7 7
Q 1 8
Q 6 1
A 4 6
Q 5 2
D 4 3
A 3 3
Q 9 10
A 7 4
A 2 5
A 6 8
D 2 3
Q 5 9
A 1 9
Q 4 6
Q 6 5
Q 7 10
A 8 1
A 4 5
A 9 3
Q 1 7
Q 9 2
A 7 1
Q 9 1
D 6 5
A 5 10
D 5 8
Q 3 7
Q 8 7
Q 5 5
D 5 3
A 1 4
D 2 5
A 1 6
A 6 8
F
Results calculated successfully
Time of execution = 30835
Start printing Result:
1
1
1
1
1
2
2
3
2
2
1
1
3
1
2
1
1
2
0
1
1
3
2
2
1
1
1
2
1
2
1
1
0
End Batch
Batch contains:
Q 6 10
Q 8 8
Q 4 8
Q 2 4
Q 5 8
Q 9 6
A 1 4
A 1 10
Q 1 10
Q 3 2
A 7 2
A 9 4
Q 5 8
A 10 9
Q 2 10
Q 6 8
Q 6 9
Q 6 1
A 5 3
A 5 3
Q 6 2
A 2 9
Q 8 4
A 2 8
D 2 1
Q 5 8
D 10 8
Q 3 4
Q 6 1
Q 5 3
Q 10 4
Q 7 8
Q 1 3
Q 1 3
Q 3 9
D 2 8
A 8 10
D 9 6
A 3 5
A 3 2
Q 9 5
A 1 3
Q 5 5
Q 10 2
D 10 7
Q 6 8
Q 7 5
Q 3 3
A 5 6
A 8 1
Q 7 5
A 1 4
Q 6 8
A 7 10
Q 5 6
D 2 10
D 7 1
Q 3 5
Q 7 1
Q 7 7
D 6 3
Q 9 8
D 10 8
Q 8 2
D 4 6
Q 6 5
Q 1 6
D 2 1
Q 4 1
D 4 6
A 6 9
Q 5 9
Q 5 3
D 2 1
Q 6 6
Q 5 10
Q 2 2
D 3 2
A 3 1
Q 7 2
F
Results calculated successfully
Time of execution = 41224
Start printing Result:
2
0
2
2
2
1
1
2
2
1
1
2
1
2
1
2
1
1
1
1
1
1
1
2
1
0
2
1
1
0
1
1
1
1
2
0
2
1
2
1
1
2
1
0
2
0
1
End Batch
Server is running
Batch contains:
D 4 10
D 5 3
A 6 9
A 7 2
D 5 2
D 1 4
A 6 4
D 6 5
D 4 10
D 5 4
F
Results calculated successfully
Time of execution = 3477
Start printing Result:
End Batch
Batch contains:
D 7 8
A 5 2
A 6 7
A 8 1
A 2 7
D 1 6
A 10 10
D 1 3
A 4 3
D 6 4
F
Results calculated successfully
Time of execution = 4221
Start printing Result:
End Batch
Batch contains:
A 5 9
Q 3 2
D 1 7
A 8 7
A 7 5
D 9 4
D 2 6
D 5 9
A 8 5
D 3 8
F
Results calculated successfully
Time of execution = 5745
Start printing Result:
2
End Batch
Batch contains:
D 6 7
A 1 4
D 4 6
A 3 8
A 7 1
A 9 7
A 7 2
A 7 2
D 4 7
A 2 6
F
Server is running
Batch contains:
A 2 7
D 10 10
D 9 3
A 8 7
A 5 8
A 7 7
Q 4 6
A 1 4
Q 5 9
D 5 8
F
Results calculated successfully
Time of execution = 4258
Start printing Result:
2
2
End Batch
Batch contains:
D 6 9
A 2 7
A 9 6
D 9 5
A 9 1
A 10 7
D 10 9
D 6 6
D 8 8
D 4 6
F
Results calculated successfully
Time of execution = 4805
Start printing Result:
End Batch
Batch contains:
A 10 2
A 1 2
A 9 1
A 1 2
D 10 5
D 4 3
D 8 6
D 5 9
D 1 4
A 7 8
F
Results calculated successfully
Time of execution = 5334
Start printing Result:
End Batch
Batch contains:
A 9 10
A 8 4
Q 1 10
A 1 1
A 5 2
A 3 2
Q 9 10
A 6 1
A 7 8
D 7 9
F
Results calculated successfully
Time of execution = 5401
Start printing Result:
1
1
End Batch
Batch contains:
A 3 4
D 9 8
A 6 5
A 1 4
A 6 7
A 6 9
A 4 9
D 6 3
D 2 1
A 7 1
F
Results calculated successfully
Time of execution = 5217
Start printing Result:
End Batch
Batch contains:
D 10 4
D 5 1
D 6 9
D 10 4
D 5 3
Q 2 3
A 1 2
D 4 9
A 10 8
A 6 10
F
Results calculated successfully
Time of execution = 7086
Start printing Result:
2
End Batch
Batch contains:
D 9 10
D 6 5
D 10 1
A 9 3
A 10 8
D 9 8
A 10 8
D 10 4
A 3 9
A 6 4
F
Server is running
Batch contains:
Q 7 3
Q 8 2
Q 3 2
Q 4 4
D 8 6
Q 8 3
Q 3 1
Q 10 2
Q 7 4
A 1 8
F
Results calculated successfully
Time of execution = 3929
Start printing Result:
2
1
1
0
2
1
1
1
End Batch
Batch contains:
Q 4 3
Q 1 4
Q 4 3
Q 4 2
Q 8 1
Q 3 1
Q 3 10
Q 7 7
D 5 9
Q 8 5
F
Results calculated successfully
Time of execution = 4688
Start printing Result:
1
1
1
2
1
1
1
0
1
End Batch
Batch contains:
A 7 3
Q 7 7
A 10 2
Q 4 1
Q 4 9
Q 2 2
A 3 6
A 8 7
Q 9 8
Q 1 8
F
Results calculated successfully
Time of execution = 4849
Start printing Result:
0
2
1
0
2
1
End Batch
Batch contains:
Q 2 8
A 3 1
A 10 3
D 9 3
A 7 5
Q 5 7
Q 8 10
A 5 10
Q 2 7
D 10 3
F
Results calculated successfully
Time of execution = 5906
Start printing Result:
2
2
1
1
End Batch
Batch contains:
D 1 5
D 9 7
Q 2 5
A 9 7
D 10 2
Q 7 1
Q 6 9
Q 6 1
Q 6 6
Q 10 3
F
Results calculated successfully
Time of execution = 5188
Start printing Result:
1
1
1
1
0
1
End Batch
Batch contains:
Q 4 9
Q 2 10
D 4 5
A 1 6
A 7 1
A 2 3
Q 2 5
D 1 3
Q 6 6
A 5 5
F
Results calculated successfully
Time of execution = 3554
Start printing Result:
1
2
1
0
End Batch
Batch contains:
Q 5 4
D 4 9
Q 9 3
A 5 1
Q 5 2
D 8 8
D 1 8
A 7 4
D 10 9
D 9 10
F
Results calculated successfully
Time of execution = 3952
Start printing Result:
2
1
1
End Batch
Batch contains:
Q 2 1
D 9 8
A 8 3
D 3 9
D 1 2
A 5 5
A 4 5
A 8 3
A 10 3
D 9 5
F
Results calculated successfully
Time of execution = 4669
Start printing Result:
2
End Batch
Batch contains:
D 9 4
A 1 6
A 3 5
D 9 10
A 4 6
A 5 1
D 3 2
D 1 9
A 8 2
D 5 10
F
Results calculated successfully
Time of execution = 4293
Start printing Result:
End Batch
