Server is running
Hello this is a debug message
Hello this is an info message
Batch generated successfully
Results geted successfully, Start printing it:
-1
3
2
Server is running
Batch contains:
Q 2 0
Q 4 1
Q 2 3
D 0 3
Q 4 0
Q 1 4
Q 1 4
Q 1 2
D 4 1
D 0 0
F
Batch generated successfully
Results calculated successfully, Start printing it:
-1
-1
-1
-1
-1
-1
-1
Server is running
Batch contains:
D 2 0
A 1 2
D 3 1
Q 0 3
A 3 0
A 3 1
A 1 1
D 4 4
D 1 3
Q 2 0
F
Batch generated successfully
Results calculated successfully, Start printing it:
-1
-1
Server is running
Batch contains:
Q 11 0
A 11 3
Q 11 10
Q 3 6
D 11 5
F
Batch generated successfully
Results calculated successfully, Start printing it:
2
3
2
Server is running
Batch contains:
A 10 7
D 4 7
Q 9 4
D 1 0
D 7 0
D 7 8
Q 9 3
Q 10 3
A 2 2
A 6 7
F
Results calculated successfully
Time of execution = -5803
Start printing Result:
-1
-1
-1
Server is running
Batch contains:
D 5 5
Q 3 9
A 4 7
A 9 11
D 7 6
Q 3 4
D 9 6
Q 4 10
A 8 3
A 10 7
F
Server is running
Batch contains:
A 5 5
A 9 2
D 2 1
A 8 2
D 3 1
D 8 5
Q 4 8
Q 8 7
D 10 8
D 6 4
F
Results calculated successfully
Time of execution = -5272
Start printing Result:
-1
1
Server is running
Batch contains:
D 3 9
A 1 7
D 10 8
D 4 4
D 4 7
A 10 5
Q 7 4
D 4 10
A 5 6
Q 9 1
F
Server is running
Batch contains:
D 4 3
Q 6 8
A 6 10
D 3 10
A 9 10
D 3 4
A 8 4
Q 3 4
Q 10 8
A 9 1
F
Results calculated successfully
Time of execution = 6011
Start printing Result:
-1
1
-1
End Batch
Batch contains:
A 8 2
A 6 9
D 2 10
Q 2 4
D 8 9
A 10 4
A 7 1
Q 1 7
Q 3 4
D 6 2
F
Results calculated successfully
Time of execution = 4853
Start printing Result:
1
1
1
End Batch
Batch contains:
Q 9 10
Q 2 9
D 5 7
A 4 3
Q 9 7
D 5 7
D 8 6
D 5 1
A 3 4
Q 1 2
F
Results calculated successfully
Time of execution = 3941
Start printing Result:
1
-1
2
1
End Batch
Batch contains:
A 6 2
D 3 10
D 4 5
D 10 3
D 1 8
Q 5 1
Q 5 3
Q 3 7
A 9 5
D 10 1
F
Results calculated successfully
Time of execution = 7183
Start printing Result:
-1
-1
2
End Batch
Batch contains:
Q 10 7
A 5 9
A 10 8
A 4 1
D 10 3
A 6 1
Q 7 7
D 3 7
Q 4 10
A 1 4
F
Results calculated successfully
Time of execution = 4706
Start printing Result:
1
0
-1
End Batch
Batch contains:
D 1 5
A 1 5
D 6 3
Q 6 9
Q 2 9
D 10 8
Q 3 8
A 4 2
Q 3 2
Q 1 1
F
